<?xml version="1.0" encoding="UTF-8"?>
<testsuite name="com.utn.demo.EjApiRestApplicationTests" tests="1" skipped="0" failures="0" errors="0" timestamp="2023-10-04T17:04:16" hostname="DESKTOP-2BTKTMS" time="0.885">
  <properties/>
  <testcase name="contextLoads()" classname="com.utn.demo.EjApiRestApplicationTests" time="0.885"/>
  <system-out><![CDATA[14:04:11.111 [Test worker] INFO org.springframework.test.context.support.AnnotationConfigContextLoaderUtils -- Could not detect default configuration classes for test class [com.utn.demo.EjApiRestApplicationTests]: EjApiRestApplicationTests does not declare any static, non-private, non-final, nested classes annotated with @Configuration.
14:04:11.245 [Test worker] INFO org.springframework.boot.test.context.SpringBootTestContextBootstrapper -- Found @SpringBootConfiguration com.utn.demo.EjApiRestApplication for test class com.utn.demo.EjApiRestApplicationTests

  .   ____          _            __ _ _
 /\\ / ___'_ __ _ _(_)_ __  __ _ \ \ \ \
( ( )\___ | '_ | '_| | '_ \/ _` | \ \ \ \
 \\/  ___)| |_)| | | | | || (_| |  ) ) ) )
  '  |____| .__|_| |_|_| |_\__, | / / / /
 =========|_|==============|___/=/_/_/_/
 :: Spring Boot ::                (v3.1.4)

2023-10-04T14:04:11.776-03:00  INFO 8540 --- [    Test worker] com.utn.demo.EjApiRestApplicationTests   : Starting EjApiRestApplicationTests using Java 18.0.2.1 with PID 8540 (started by Emilio in E:\Users\Emilio\Documents\tp-api.fake\demo)
2023-10-04T14:04:11.778-03:00  INFO 8540 --- [    Test worker] com.utn.demo.EjApiRestApplicationTests   : No active profile set, falling back to 1 default profile: "default"
2023-10-04T14:04:12.681-03:00  INFO 8540 --- [    Test worker] .s.d.r.c.RepositoryConfigurationDelegate : Bootstrapping Spring Data JPA repositories in DEFAULT mode.
2023-10-04T14:04:12.791-03:00  INFO 8540 --- [    Test worker] .s.d.r.c.RepositoryConfigurationDelegate : Finished Spring Data repository scanning in 96 ms. Found 4 JPA repository interfaces.
2023-10-04T14:04:13.369-03:00  INFO 8540 --- [    Test worker] o.hibernate.jpa.internal.util.LogHelper  : HHH000204: Processing PersistenceUnitInfo [name: default]
2023-10-04T14:04:13.479-03:00  INFO 8540 --- [    Test worker] org.hibernate.Version                    : HHH000412: Hibernate ORM core version 6.2.9.Final
2023-10-04T14:04:13.484-03:00  INFO 8540 --- [    Test worker] org.hibernate.cfg.Environment            : HHH000406: Using bytecode reflection optimizer
2023-10-04T14:04:13.714-03:00  INFO 8540 --- [    Test worker] o.h.b.i.BytecodeProviderInitiator        : HHH000021: Bytecode provider name : bytebuddy
2023-10-04T14:04:13.916-03:00  INFO 8540 --- [    Test worker] o.s.o.j.p.SpringPersistenceUnitInfo      : No LoadTimeWeaver setup: ignoring JPA class transformer
2023-10-04T14:04:13.942-03:00  INFO 8540 --- [    Test worker] com.zaxxer.hikari.HikariDataSource       : HikariPool-1 - Starting...
2023-10-04T14:04:14.236-03:00  INFO 8540 --- [    Test worker] com.zaxxer.hikari.pool.HikariPool        : HikariPool-1 - Added connection conn0: url=jdbc:h2:mem:./betodb user=SA
2023-10-04T14:04:14.239-03:00  INFO 8540 --- [    Test worker] com.zaxxer.hikari.HikariDataSource       : HikariPool-1 - Start completed.
2023-10-04T14:04:14.657-03:00  INFO 8540 --- [    Test worker] o.h.b.i.BytecodeProviderInitiator        : HHH000021: Bytecode provider name : bytebuddy
2023-10-04T14:04:15.597-03:00  INFO 8540 --- [    Test worker] o.h.e.t.j.p.i.JtaPlatformInitiator       : HHH000490: Using JtaPlatform implementation: [org.hibernate.engine.transaction.jta.platform.internal.NoJtaPlatform]
Hibernate: create table autor (id bigint generated by default as identity, apellido varchar(255), biografia varchar(1500), nombre varchar(255), primary key (id))
Hibernate: create table domicilio (id bigint generated by default as identity, calle varchar(255), numero integer, fk_localidad bigint not null, primary key (id))
Hibernate: create table libro (id bigint generated by default as identity, fecha integer, genero varchar(255), paginas integer, titulo varchar(255), fk_persona bigint, primary key (id))
Hibernate: create table libro_autores (libro_id bigint not null, autores_id bigint not null)
Hibernate: create table localidad (id bigint generated by default as identity, denominacion varchar(255), primary key (id))
Hibernate: create table persona (id bigint generated by default as identity, apellido varchar(255), dni integer, nombre varchar(255), fk_domicilio bigint, primary key (id))
Hibernate: alter table if exists persona drop constraint if exists UK_tf82o8p6mim2vdcl7kh56jltw
Hibernate: alter table if exists persona add constraint UK_tf82o8p6mim2vdcl7kh56jltw unique (fk_domicilio)
Hibernate: alter table if exists domicilio add constraint FKsq48s35e5o185ajo3mloiqxjk foreign key (fk_localidad) references localidad
Hibernate: alter table if exists libro add constraint FKhu6ud2c4xjag8vlhbe00ywwdt foreign key (fk_persona) references persona
Hibernate: alter table if exists libro_autores add constraint FK4n6u17jdtrjai8yitxsmm7tly foreign key (autores_id) references autor
Hibernate: alter table if exists libro_autores add constraint FKsoheqe18ertlksjno9y33x0am foreign key (libro_id) references libro
Hibernate: alter table if exists persona add constraint FKdvcd83wmvj0mwmbu3kyoisobn foreign key (fk_domicilio) references domicilio
2023-10-04T14:04:15.695-03:00  INFO 8540 --- [    Test worker] j.LocalContainerEntityManagerFactoryBean : Initialized JPA EntityManagerFactory for persistence unit 'default'
2023-10-04T14:04:16.299-03:00  WARN 8540 --- [    Test worker] JpaBaseConfiguration$JpaWebConfiguration : spring.jpa.open-in-view is enabled by default. Therefore, database queries may be performed during view rendering. Explicitly configure spring.jpa.open-in-view to disable this warning
2023-10-04T14:04:16.764-03:00  INFO 8540 --- [    Test worker] o.s.b.a.h2.H2ConsoleAutoConfiguration    : H2 console available at '/h2-console'. Database available at 'jdbc:h2:mem:./betodb'
2023-10-04T14:04:16.827-03:00  INFO 8540 --- [    Test worker] com.utn.demo.EjApiRestApplicationTests   : Started EjApiRestApplicationTests in 5.37 seconds (process running for 6.745)
]]></system-out>
  <system-err><![CDATA[]]></system-err>
</testsuite>
